<?xml version="1.0" encoding="utf-8"?><testsuites name="pytest tests"><testsuite name="pytest" errors="0" failures="0" skipped="0" tests="13" time="1.279" timestamp="2026-04-06T21:13:26.988399+00:00" hostname="agent-env-4830759e-669c-4d29-8775-5afc250f7121"><testcase classname="tests.test_websocket_and_enhanced_ai_v10.TestWebSocketEndpoint" name="test_websocket_connection_and_ping_pong" time="0.286" /><testcase classname="tests.test_websocket_and_enhanced_ai_v10.TestIntelligenceAPIEnhancements" name="test_intelligence_endpoint_returns_200" time="0.142" /><testcase classname="tests.test_websocket_and_enhanced_ai_v10.TestIntelligenceAPIEnhancements" name="test_intelligence_items_have_enhanced_fields" time="0.119" /><testcase classname="tests.test_websocket_and_enhanced_ai_v10.TestIntelligenceAPIEnhancements" name="test_sort_by_priority_score" time="0.141" /><testcase classname="tests.test_websocket_and_enhanced_ai_v10.TestIntelligenceAPIEnhancements" name="test_min_priority_filter" time="0.112" /><testcase classname="tests.test_websocket_and_enhanced_ai_v10.TestIntelligenceAPIEnhancements" name="test_combined_sort_and_filter" time="0.155" /><testcase classname="tests.test_websocket_and_enhanced_ai_v10.TestAIPipelinePrompt" name="test_ai_pipeline_has_named_entity_extraction" time="0.003" /><testcase classname="tests.test_websocket_and_enhanced_ai_v10.TestAIPipelinePrompt" name="test_ai_pipeline_has_confidence_score" time="0.000" /><testcase classname="tests.test_websocket_and_enhanced_ai_v10.TestAIPipelinePrompt" name="test_ai_pipeline_has_threat_trajectory" time="0.000" /><testcase classname="tests.test_websocket_and_enhanced_ai_v10.TestIntelligenceItemModel" name="test_model_has_enhanced_fields" time="0.247" /><testcase classname="tests.test_websocket_and_enhanced_ai_v10.TestWebSocketBroadcastLogic" name="test_broadcast_includes_new_fields" time="0.000" /><testcase classname="tests.test_websocket_and_enhanced_ai_v10.TestWebSocketBroadcastLogic" name="test_critical_alert_type_for_high_severity" time="0.000" /><testcase classname="tests.test_websocket_and_enhanced_ai_v10.TestConnectionManager" name="test_connection_manager_exists" time="0.000" /></testsuite></testsuites>