<?xml version="1.0" encoding="utf-8"?><testsuites name="pytest tests"><testsuite name="pytest" errors="0" failures="0" skipped="0" tests="15" time="40.133" timestamp="2026-04-06T20:48:57.219124+00:00" hostname="agent-env-4830759e-669c-4d29-8775-5afc250f7121"><testcase classname="backend.tests.test_scheduler_and_brief_v9.TestPipelineStatus" name="test_pipeline_status_returns_200" time="0.212" /><testcase classname="backend.tests.test_scheduler_and_brief_v9.TestPipelineStatus" name="test_pipeline_status_scheduler_mentions_daily_brief_0600_ist" time="0.156" /><testcase classname="backend.tests.test_scheduler_and_brief_v9.TestPipelineStatus" name="test_pipeline_status_has_rate_limit_config" time="0.114" /><testcase classname="backend.tests.test_scheduler_and_brief_v9.TestDailyBrief" name="test_daily_brief_returns_200" time="0.151" /><testcase classname="backend.tests.test_scheduler_and_brief_v9.TestDailyBrief" name="test_daily_brief_no_twitter_highlights" time="0.161" /><testcase classname="backend.tests.test_scheduler_and_brief_v9.TestDailyBrief" name="test_daily_brief_contains_pattern_insights" time="0.122" /><testcase classname="backend.tests.test_scheduler_and_brief_v9.TestDailyBrief" name="test_daily_brief_contains_included_item_ids" time="0.162" /><testcase classname="backend.tests.test_scheduler_and_brief_v9.TestDailyBrief" name="test_daily_brief_has_key_developments" time="0.126" /><testcase classname="backend.tests.test_scheduler_and_brief_v9.TestDailyBrief" name="test_daily_brief_has_generated_at" time="0.112" /><testcase classname="backend.tests.test_scheduler_and_brief_v9.TestBriefRegeneration" name="test_generate_brief_triggers_regeneration" time="0.106" /><testcase classname="backend.tests.test_scheduler_and_brief_v9.TestBriefRegeneration" name="test_regenerated_brief_has_different_items" time="38.138" /><testcase classname="backend.tests.test_scheduler_and_brief_v9.TestSchedulerJobs" name="test_pipeline_status_shows_scheduler_config" time="0.145" /><testcase classname="backend.tests.test_scheduler_and_brief_v9.TestBriefTimeWindow" name="test_brief_has_date_field" time="0.115" /><testcase classname="backend.tests.test_scheduler_and_brief_v9.TestBriefTimeWindow" name="test_brief_key_developments_have_timestamps" time="0.135" /><testcase classname="backend.tests.test_scheduler_and_brief_v9.TestBriefStructureComplete" name="test_brief_has_all_required_fields" time="0.106" /></testsuite></testsuites>