<?xml version="1.0" encoding="utf-8"?><testsuites name="pytest tests"><testsuite name="pytest" errors="0" failures="0" skipped="0" tests="21" time="2.986" timestamp="2026-04-10T09:57:57.756289+00:00" hostname="agent-env-4830759e-669c-4d29-8775-5afc250f7121"><testcase classname="backend.tests.test_cross_border_phase3_v23.TestCrossBorderPhase3" name="test_api_returns_200" time="0.155" /><testcase classname="backend.tests.test_cross_border_phase3_v23.TestCrossBorderPhase3" name="test_bangladesh_has_grouped_array" time="0.173" /><testcase classname="backend.tests.test_cross_border_phase3_v23.TestCrossBorderPhase3" name="test_myanmar_has_grouped_array" time="0.173" /><testcase classname="backend.tests.test_cross_border_phase3_v23.TestCrossBorderPhase3" name="test_group_structure_has_category_label_items" time="0.165" /><testcase classname="backend.tests.test_cross_border_phase3_v23.TestCrossBorderPhase3" name="test_valid_category_values" time="0.169" /><testcase classname="backend.tests.test_cross_border_phase3_v23.TestCrossBorderPhase3" name="test_category_order_is_correct" time="0.172" /><testcase classname="backend.tests.test_cross_border_phase3_v23.TestCrossBorderPhase3" name="test_all_items_have_cross_border_category" time="0.176" /><testcase classname="backend.tests.test_cross_border_phase3_v23.TestCrossBorderPhase3" name="test_auto_categorization_diplomatic" time="0.124" /><testcase classname="backend.tests.test_cross_border_phase3_v23.TestCrossBorderPhase3" name="test_auto_categorization_defence" time="0.116" /><testcase classname="backend.tests.test_cross_border_phase3_v23.TestCrossBorderPhase3" name="test_auto_categorization_internal_politics" time="0.121" /><testcase classname="backend.tests.test_cross_border_phase3_v23.TestCrossBorderPhase3" name="test_auto_categorization_economics" time="0.118" /><testcase classname="backend.tests.test_cross_border_phase3_v23.TestCrossBorderPhase3" name="test_items_without_ai_summary_filtered" time="0.117" /><testcase classname="backend.tests.test_cross_border_phase3_v23.TestCrossBorderPhase3" name="test_feedback_boosted_field_exists" time="0.121" /><testcase classname="backend.tests.test_cross_border_phase3_v23.TestCrossBorderPhase3" name="test_effective_priority_includes_feedback_bias" time="0.134" /><testcase classname="backend.tests.test_cross_border_phase3_v23.TestCrossBorderPhase3" name="test_myanmar_news_not_in_bangladesh" time="0.125" /><testcase classname="backend.tests.test_cross_border_phase3_v23.TestCrossBorderPhase3" name="test_category_labels_correct" time="0.122" /><testcase classname="backend.tests.test_cross_border_phase3_v23.TestExistingEndpoints" name="test_intelligence_endpoint" time="0.136" /><testcase classname="backend.tests.test_cross_border_phase3_v23.TestExistingEndpoints" name="test_training_effectiveness_endpoint" time="0.097" /><testcase classname="backend.tests.test_cross_border_phase3_v23.TestExistingEndpoints" name="test_feedback_stats_endpoint" time="0.113" /><testcase classname="backend.tests.test_cross_border_phase3_v23.TestCategoryDistribution" name="test_grouped_items_match_flat_items" time="0.121" /><testcase classname="backend.tests.test_cross_border_phase3_v23.TestCategoryDistribution" name="test_items_sorted_by_effective_priority" time="0.120" /></testsuite></testsuites>