<?xml version="1.0" encoding="utf-8"?><testsuites name="pytest tests"><testsuite name="pytest" errors="0" failures="0" skipped="0" tests="22" time="25.031" timestamp="2026-04-12T20:30:06.089404+00:00" hostname="agent-env-4830759e-669c-4d29-8775-5afc250f7121"><testcase classname="tests.test_auth_rbac_v27.TestAuthLogin" name="test_login_with_valid_username" time="0.376" /><testcase classname="tests.test_auth_rbac_v27.TestAuthLogin" name="test_login_with_email_as_username" time="0.703" /><testcase classname="tests.test_auth_rbac_v27.TestAuthLogin" name="test_login_invalid_credentials" time="0.162" /><testcase classname="tests.test_auth_rbac_v27.TestAuthLogin" name="test_login_wrong_password" time="0.340" /><testcase classname="tests.test_auth_rbac_v27.TestAuthMe" name="test_get_me_with_valid_token" time="0.495" /><testcase classname="tests.test_auth_rbac_v27.TestAuthMe" name="test_get_me_without_token" time="0.108" /><testcase classname="tests.test_auth_rbac_v27.TestAuthMe" name="test_get_me_with_invalid_token" time="0.107" /><testcase classname="tests.test_auth_rbac_v27.TestUserManagement" name="test_list_users_as_admin" time="0.467" /><testcase classname="tests.test_auth_rbac_v27.TestUserManagement" name="test_list_users_without_auth" time="0.099" /><testcase classname="tests.test_auth_rbac_v27.TestUserManagement" name="test_create_user_as_admin" time="1.174" /><testcase classname="tests.test_auth_rbac_v27.TestUserManagement" name="test_create_user_duplicate_username" time="0.449" /><testcase classname="tests.test_auth_rbac_v27.TestUserManagement" name="test_create_user_short_password" time="0.443" /><testcase classname="tests.test_auth_rbac_v27.TestUserManagement" name="test_update_user_as_admin" time="1.010" /><testcase classname="tests.test_auth_rbac_v27.TestUserManagement" name="test_reset_password_as_admin" time="1.828" /><testcase classname="tests.test_auth_rbac_v27.TestUserManagement" name="test_delete_user_as_admin" time="0.915" /><testcase classname="tests.test_auth_rbac_v27.TestUserManagement" name="test_admin_cannot_delete_self" time="0.556" /><testcase classname="tests.test_auth_rbac_v27.TestRegressionExistingEndpoints" name="test_intelligence_endpoint" time="0.146" /><testcase classname="tests.test_auth_rbac_v27.TestRegressionExistingEndpoints" name="test_cross_border_watch_endpoint" time="0.141" /><testcase classname="tests.test_auth_rbac_v27.TestRegressionExistingEndpoints" name="test_daily_brief_endpoint" time="12.803" /><testcase classname="tests.test_auth_rbac_v27.TestRegressionExistingEndpoints" name="test_dashboard_stats_endpoint" time="0.164" /><testcase classname="tests.test_auth_rbac_v27.TestRoleBasedAccess" name="test_viewer_cannot_list_users" time="1.205" /><testcase classname="tests.test_auth_rbac_v27.TestRoleBasedAccess" name="test_viewer_cannot_create_users" time="1.205" /></testsuite></testsuites>