<?xml version="1.0" encoding="utf-8"?><testsuites name="pytest tests"><testsuite name="pytest" errors="0" failures="0" skipped="0" tests="14" time="1.807" timestamp="2026-04-08T14:41:39.482701+00:00" hostname="agent-env-4830759e-669c-4d29-8775-5afc250f7121"><testcase classname="backend.tests.test_training_effectiveness_v20.TestTrainingEffectivenessEndpoint" name="test_effectiveness_endpoint_returns_200" time="0.146" /><testcase classname="backend.tests.test_training_effectiveness_v20.TestTrainingEffectivenessEndpoint" name="test_effectiveness_response_structure" time="0.100" /><testcase classname="backend.tests.test_training_effectiveness_v20.TestTrainingEffectivenessEndpoint" name="test_effectiveness_score_range" time="0.115" /><testcase classname="backend.tests.test_training_effectiveness_v20.TestTrainingEffectivenessEndpoint" name="test_effectiveness_grade_mapping" time="0.102" /><testcase classname="backend.tests.test_training_effectiveness_v20.TestTrainingEffectivenessEndpoint" name="test_worst_misalignments_structure" time="0.121" /><testcase classname="backend.tests.test_training_effectiveness_v20.TestTrainingEffectivenessEndpoint" name="test_best_alignments_structure" time="0.116" /><testcase classname="backend.tests.test_training_effectiveness_v20.TestTrainingEffectivenessEndpoint" name="test_trend_structure" time="0.108" /><testcase classname="backend.tests.test_training_effectiveness_v20.TestTrainingEffectivenessEndpoint" name="test_delta_from_last_value" time="0.113" /><testcase classname="backend.tests.test_training_effectiveness_v20.TestTrainingEffectivenessEndpoint" name="test_alignment_item_fields_valid" time="0.114" /><testcase classname="backend.tests.test_training_effectiveness_v20.TestExistingEndpointsStillWork" name="test_training_add_url_with_relevance" time="0.226" /><testcase classname="backend.tests.test_training_effectiveness_v20.TestExistingEndpointsStillWork" name="test_training_activity_log" time="0.128" /><testcase classname="backend.tests.test_training_effectiveness_v20.TestExistingEndpointsStillWork" name="test_feedback_stats" time="0.138" /><testcase classname="backend.tests.test_training_effectiveness_v20.TestExistingEndpointsStillWork" name="test_training_queue" time="0.121" /><testcase classname="backend.tests.test_training_effectiveness_v20.TestSeverityMapping" name="test_severity_map_values_documented" time="0.106" /></testsuite></testsuites>