<?xml version="1.0" encoding="utf-8"?><testsuites name="pytest tests"><testsuite name="pytest" errors="0" failures="0" skipped="0" tests="17" time="2.393" timestamp="2026-04-09T02:51:51.964446+00:00" hostname="agent-env-4830759e-669c-4d29-8775-5afc250f7121"><testcase classname="backend.tests.test_cross_border_watch_v22.TestCrossBorderWatchEndpoint" name="test_cross_border_watch_returns_200" time="0.160" /><testcase classname="backend.tests.test_cross_border_watch_v22.TestCrossBorderWatchEndpoint" name="test_response_has_bangladesh_section" time="0.153" /><testcase classname="backend.tests.test_cross_border_watch_v22.TestCrossBorderWatchEndpoint" name="test_response_has_myanmar_section" time="0.166" /><testcase classname="backend.tests.test_cross_border_watch_v22.TestCrossBorderWatchEndpoint" name="test_response_has_watchpoints" time="0.124" /><testcase classname="backend.tests.test_cross_border_watch_v22.TestCrossBorderWatchEndpoint" name="test_response_has_signal_distribution" time="0.130" /><testcase classname="backend.tests.test_cross_border_watch_v22.TestCrossBorderWatchEndpoint" name="test_posture_values_are_valid" time="0.131" /><testcase classname="backend.tests.test_cross_border_watch_v22.TestCrossBorderWatchEndpoint" name="test_items_have_required_fields" time="0.114" /><testcase classname="backend.tests.test_cross_border_watch_v22.TestCrossBorderWatchEndpoint" name="test_items_have_optional_signal_fields" time="0.146" /><testcase classname="backend.tests.test_cross_border_watch_v22.TestCrossBorderSignalFiltering" name="test_filter_high_signal_returns_200" time="0.137" /><testcase classname="backend.tests.test_cross_border_watch_v22.TestCrossBorderSignalFiltering" name="test_filter_medium_signal_returns_200" time="0.164" /><testcase classname="backend.tests.test_cross_border_watch_v22.TestCrossBorderSignalFiltering" name="test_high_filter_only_returns_high_items" time="0.143" /><testcase classname="backend.tests.test_cross_border_watch_v22.TestCrossBorderSignalFiltering" name="test_medium_filter_returns_high_and_medium" time="0.115" /><testcase classname="backend.tests.test_cross_border_watch_v22.TestCrossBorderGeoBoost" name="test_items_have_geo_boost_field" time="0.124" /><testcase classname="backend.tests.test_cross_border_watch_v22.TestCrossBorderGeoBoost" name="test_items_sorted_by_effective_priority" time="0.118" /><testcase classname="backend.tests.test_cross_border_watch_v22.TestExistingEndpointsStillWork" name="test_intelligence_endpoint_works" time="0.128" /><testcase classname="backend.tests.test_cross_border_watch_v22.TestExistingEndpointsStillWork" name="test_feedback_stats_endpoint_works" time="0.113" /><testcase classname="backend.tests.test_cross_border_watch_v22.TestExistingEndpointsStillWork" name="test_training_effectiveness_endpoint_works" time="0.114" /></testsuite></testsuites>