<?xml version="1.0" encoding="utf-8"?><testsuites name="pytest tests"><testsuite name="pytest" errors="0" failures="0" skipped="0" tests="19" time="2.474" timestamp="2026-04-07T03:19:59.434647+00:00" hostname="agent-env-4830759e-669c-4d29-8775-5afc250f7121"><testcase classname="backend.tests.test_knowledge_graph_v14.TestKnowledgeGraphStats" name="test_kg_stats_returns_200" time="0.292" /><testcase classname="backend.tests.test_knowledge_graph_v14.TestKnowledgeGraphStats" name="test_kg_stats_has_expected_fields_when_built" time="0.129" /><testcase classname="backend.tests.test_knowledge_graph_v14.TestKnowledgeGraphActors" name="test_kg_actors_returns_200" time="0.104" /><testcase classname="backend.tests.test_knowledge_graph_v14.TestKnowledgeGraphActors" name="test_kg_actors_have_expected_fields" time="0.146" /><testcase classname="backend.tests.test_knowledge_graph_v14.TestKnowledgeGraphActors" name="test_kg_actors_cross_border_filter" time="0.125" /><testcase classname="backend.tests.test_knowledge_graph_v14.TestKnowledgeGraphActors" name="test_kg_actors_limit_param" time="0.107" /><testcase classname="backend.tests.test_knowledge_graph_v14.TestKnowledgeGraphActorDetail" name="test_kg_actor_detail_assam_police" time="0.172" /><testcase classname="backend.tests.test_knowledge_graph_v14.TestKnowledgeGraphActorDetail" name="test_kg_actor_detail_ulfa_with_parentheses" time="0.106" /><testcase classname="backend.tests.test_knowledge_graph_v14.TestKnowledgeGraphActorDetail" name="test_kg_actor_detail_not_found" time="0.106" /><testcase classname="backend.tests.test_knowledge_graph_v14.TestKnowledgeGraphLocations" name="test_kg_locations_returns_200" time="0.109" /><testcase classname="backend.tests.test_knowledge_graph_v14.TestKnowledgeGraphLocations" name="test_kg_locations_have_expected_fields" time="0.114" /><testcase classname="backend.tests.test_knowledge_graph_v14.TestKnowledgeGraphLocations" name="test_kg_locations_border_filter" time="0.090" /><testcase classname="backend.tests.test_knowledge_graph_v14.TestKnowledgeGraphEdges" name="test_kg_edges_returns_200" time="0.149" /><testcase classname="backend.tests.test_knowledge_graph_v14.TestKnowledgeGraphEdges" name="test_kg_edges_have_expected_fields" time="0.117" /><testcase classname="backend.tests.test_knowledge_graph_v14.TestKnowledgeGraphEdges" name="test_kg_edges_min_count_filter" time="0.110" /><testcase classname="backend.tests.test_knowledge_graph_v14.TestKnowledgeGraphNetwork" name="test_kg_network_returns_200" time="0.103" /><testcase classname="backend.tests.test_knowledge_graph_v14.TestKnowledgeGraphNetwork" name="test_kg_network_nodes_have_expected_fields" time="0.104" /><testcase classname="backend.tests.test_knowledge_graph_v14.TestKnowledgeGraphNetwork" name="test_kg_network_links_have_expected_fields" time="0.106" /><testcase classname="backend.tests.test_knowledge_graph_v14.TestKnowledgeGraphBuild" name="test_kg_build_returns_200" time="0.101" /></testsuite></testsuites>