<?xml version="1.0" encoding="utf-8"?><testsuites name="pytest tests"><testsuite name="pytest" errors="0" failures="0" skipped="0" tests="14" time="6.196" timestamp="2026-04-13T16:46:31.756895+00:00" hostname="agent-env-4830759e-669c-4d29-8775-5afc250f7121"><testcase classname="tests.test_p1_dashboard_filters_v30.TestAuth" name="test_login_success" time="0.375" /><testcase classname="tests.test_p1_dashboard_filters_v30.TestAuth" name="test_login_invalid_credentials" time="0.464" /><testcase classname="tests.test_p1_dashboard_filters_v30.TestIntelligenceFilters" name="test_intelligence_default" time="0.612" /><testcase classname="tests.test_p1_dashboard_filters_v30.TestIntelligenceFilters" name="test_intelligence_min_priority_80" time="0.460" /><testcase classname="tests.test_p1_dashboard_filters_v30.TestIntelligenceFilters" name="test_intelligence_min_priority_60" time="0.611" /><testcase classname="tests.test_p1_dashboard_filters_v30.TestIntelligenceFilters" name="test_intelligence_min_priority_40" time="0.584" /><testcase classname="tests.test_p1_dashboard_filters_v30.TestIntelligenceFilters" name="test_intelligence_sort_by_priority_desc" time="0.549" /><testcase classname="tests.test_p1_dashboard_filters_v30.TestIntelligenceFilters" name="test_intelligence_sort_by_priority_asc" time="0.639" /><testcase classname="tests.test_p1_dashboard_filters_v30.TestIntelligenceFilters" name="test_intelligence_sort_by_published_at" time="0.814" /><testcase classname="tests.test_p1_dashboard_filters_v30.TestIntelligenceFilters" name="test_intelligence_combined_filter_and_sort" time="0.544" /><testcase classname="tests.test_p1_dashboard_filters_v30.TestRSSSources" name="test_rss_sources_count" time="0.014" /><testcase classname="tests.test_p1_dashboard_filters_v30.TestRSSSources" name="test_new_national_sources_present" time="0.000" /><testcase classname="tests.test_p1_dashboard_filters_v30.TestRSSSources" name="test_national_sources_have_correct_category" time="0.000" /><testcase classname="tests.test_p1_dashboard_filters_v30.TestRegressionBiasProfile" name="test_bias_profile_endpoint" time="0.464" /></testsuite></testsuites>