<?xml version="1.0" encoding="utf-8"?><testsuites name="pytest tests"><testsuite name="pytest" errors="0" failures="0" skipped="0" tests="15" time="8.162" timestamp="2026-04-13T17:25:38.150339+00:00" hostname="agent-env-4830759e-669c-4d29-8775-5afc250f7121"><testcase classname="tests.test_iteration_32.TestBiasImpactEndpoint" name="test_bias_impact_returns_200" time="0.503" /><testcase classname="tests.test_iteration_32.TestBiasImpactEndpoint" name="test_bias_impact_has_required_fields" time="0.565" /><testcase classname="tests.test_iteration_32.TestBiasImpactEndpoint" name="test_bias_impact_summary_structure" time="0.433" /><testcase classname="tests.test_iteration_32.TestBiasImpactEndpoint" name="test_bias_impact_items_structure" time="0.463" /><testcase classname="tests.test_iteration_32.TestBiasImpactEndpoint" name="test_bias_impact_total_matches_items" time="0.444" /><testcase classname="tests.test_iteration_32.TestBiasSettingsEndpoint" name="test_get_bias_settings" time="0.464" /><testcase classname="tests.test_iteration_32.TestBiasSettingsEndpoint" name="test_put_bias_settings_update" time="0.680" /><testcase classname="tests.test_iteration_32.TestBiasSettingsEndpoint" name="test_put_bias_settings_invalid_window" time="0.459" /><testcase classname="tests.test_iteration_32.TestBiasSettingsEndpoint" name="test_put_bias_settings_invalid_influence" time="0.448" /><testcase classname="tests.test_iteration_32.TestViewerRoleRestriction" name="test_viewer_can_access_public_endpoints" time="1.007" /><testcase classname="tests.test_iteration_32.TestViewerRoleRestriction" name="test_viewer_can_access_feedback_bias_impact" time="0.978" /><testcase classname="tests.test_iteration_32.TestViewerRoleRestriction" name="test_viewer_cannot_create_users" time="1.005" /><testcase classname="tests.test_iteration_32.TestRetentionSettings" name="test_get_retention_settings" time="0.108" /><testcase classname="tests.test_iteration_32.TestRetentionSettings" name="test_put_retention_settings" time="0.412" /><testcase classname="tests.test_iteration_32.TestFeedbackSettings" name="test_get_feedback_settings" time="0.122" /></testsuite></testsuites>