<?xml version="1.0" encoding="utf-8"?><testsuites name="pytest tests"><testsuite name="pytest" errors="0" failures="0" skipped="0" tests="24" time="15.645" timestamp="2026-04-24T12:17:18.586869+00:00" hostname="agent-env-4830759e-669c-4d29-8775-5afc250f7121"><testcase classname="backend.tests.test_reports_v35.TestReportsAuth" name="test_filtered_feed_requires_auth" time="0.132" /><testcase classname="backend.tests.test_reports_v35.TestReportsAuth" name="test_regional_threat_requires_auth" time="0.123" /><testcase classname="backend.tests.test_reports_v35.TestReportsAuth" name="test_cross_border_sitrep_requires_auth" time="0.110" /><testcase classname="backend.tests.test_reports_v35.TestReportsAuth" name="test_custom_report_requires_auth" time="0.098" /><testcase classname="backend.tests.test_reports_v35.TestFilteredFeedReport" name="test_filtered_feed_with_severity_high" time="0.666" /><testcase classname="backend.tests.test_reports_v35.TestFilteredFeedReport" name="test_filtered_feed_with_state_filter" time="0.616" /><testcase classname="backend.tests.test_reports_v35.TestFilteredFeedReport" name="test_filtered_feed_with_multiple_filters" time="0.645" /><testcase classname="backend.tests.test_reports_v35.TestFilteredFeedReport" name="test_filtered_feed_no_filters" time="0.967" /><testcase classname="backend.tests.test_reports_v35.TestRegionalThreatReport" name="test_regional_threat_manipur" time="0.555" /><testcase classname="backend.tests.test_reports_v35.TestRegionalThreatReport" name="test_regional_threat_assam" time="0.508" /><testcase classname="backend.tests.test_reports_v35.TestRegionalThreatReport" name="test_regional_threat_without_region_returns_422" time="0.435" /><testcase classname="backend.tests.test_reports_v35.TestRegionalThreatReport" name="test_regional_threat_with_date_range" time="0.674" /><testcase classname="backend.tests.test_reports_v35.TestCrossBorderSitrep" name="test_cross_border_sitrep_myanmar" time="0.500" /><testcase classname="backend.tests.test_reports_v35.TestCrossBorderSitrep" name="test_cross_border_sitrep_bangladesh" time="0.449" /><testcase classname="backend.tests.test_reports_v35.TestCrossBorderSitrep" name="test_cross_border_sitrep_invalid_country" time="0.438" /><testcase classname="backend.tests.test_reports_v35.TestCrossBorderSitrep" name="test_cross_border_sitrep_without_country_returns_422" time="0.439" /><testcase classname="backend.tests.test_reports_v35.TestCustomReport" name="test_custom_report_with_title_and_threat" time="0.441" /><testcase classname="backend.tests.test_reports_v35.TestCustomReport" name="test_custom_report_with_all_filters" time="0.552" /><testcase classname="backend.tests.test_reports_v35.TestCustomReport" name="test_custom_report_default_title" time="0.940" /><testcase classname="backend.tests.test_reports_v35.TestCustomReport" name="test_custom_report_with_source_filter" time="0.670" /><testcase classname="backend.tests.test_reports_v35.TestCustomReport" name="test_custom_report_cross_border_only" time="0.600" /><testcase classname="backend.tests.test_reports_v35.TestRegressionIntelligenceFeed" name="test_intelligence_feed_pagination" time="3.041" /><testcase classname="backend.tests.test_reports_v35.TestRegressionIntelligenceFeed" name="test_intelligence_feed_filters" time="1.493" /><testcase classname="backend.tests.test_reports_v35.TestRegressionIntelligenceFeed" name="test_intelligence_delete_endpoint_exists" time="0.469" /></testsuite></testsuites>