<?xml version="1.0" encoding="utf-8"?><testsuites name="pytest tests"><testsuite name="pytest" errors="0" failures="0" skipped="0" tests="16" time="9.156" timestamp="2026-04-07T04:38:11.280056+00:00" hostname="agent-env-4830759e-669c-4d29-8775-5afc250f7121"><testcase classname="backend.tests.test_keyword_engine_v15.TestKeywordsEndpoint" name="test_get_keywords_returns_200" time="0.210" /><testcase classname="backend.tests.test_keyword_engine_v15.TestKeywordsEndpoint" name="test_keywords_have_required_fields" time="0.113" /><testcase classname="backend.tests.test_keyword_engine_v15.TestKeywordsEndpoint" name="test_keywords_scores_in_valid_range" time="0.112" /><testcase classname="backend.tests.test_keyword_engine_v15.TestKeywordsEndpoint" name="test_keywords_contain_all_six_types" time="0.105" /><testcase classname="backend.tests.test_keyword_engine_v15.TestKeywordsEndpoint" name="test_filter_by_type_emerging" time="0.126" /><testcase classname="backend.tests.test_keyword_engine_v15.TestKeywordsEndpoint" name="test_filter_by_type_primary" time="0.143" /><testcase classname="backend.tests.test_keyword_engine_v15.TestKeywordsEndpoint" name="test_filter_by_min_score" time="0.122" /><testcase classname="backend.tests.test_keyword_engine_v15.TestKeywordsEndpoint" name="test_limit_parameter" time="0.097" /><testcase classname="backend.tests.test_keyword_engine_v15.TestKeywordsEndpoint" name="test_type_breakdown_matches_keywords" time="0.112" /><testcase classname="backend.tests.test_keyword_engine_v15.TestKeywordsRefresh" name="test_refresh_keywords_returns_200" time="0.143" /><testcase classname="backend.tests.test_keyword_engine_v15.TestKeywordEngineIntegration" name="test_keywords_sorted_by_score" time="7.219" /><testcase classname="backend.tests.test_keyword_engine_v15.TestKeywordEngineIntegration" name="test_keywords_have_source_field" time="0.135" /><testcase classname="backend.tests.test_keyword_engine_v15.TestKeywordEngineIntegration" name="test_combined_filters" time="0.107" /><testcase classname="backend.tests.test_keyword_engine_v15.TestKeywordTypes" name="test_geo_keywords_exist" time="0.097" /><testcase classname="backend.tests.test_keyword_engine_v15.TestKeywordTypes" name="test_entity_keywords_exist" time="0.104" /><testcase classname="backend.tests.test_keyword_engine_v15.TestKeywordTypes" name="test_cross_border_keywords_exist" time="0.098" /></testsuite></testsuites>