<?xml version="1.0" encoding="utf-8"?><testsuites name="pytest tests"><testsuite name="pytest" errors="0" failures="0" skipped="0" tests="13" time="114.274" timestamp="2026-04-06T21:27:05.341891+00:00" hostname="agent-env-4830759e-669c-4d29-8775-5afc250f7121"><testcase classname="backend.tests.test_retention_and_cache_v11.TestRetentionSettings" name="test_get_retention_setting_returns_200" time="0.180" /><testcase classname="backend.tests.test_retention_and_cache_v11.TestRetentionSettings" name="test_put_retention_setting_valid_value" time="0.487" /><testcase classname="backend.tests.test_retention_and_cache_v11.TestRetentionSettings" name="test_put_retention_setting_invalid_zero" time="0.147" /><testcase classname="backend.tests.test_retention_and_cache_v11.TestRetentionSettings" name="test_put_retention_setting_invalid_too_high" time="0.231" /><testcase classname="backend.tests.test_retention_and_cache_v11.TestRetentionSettings" name="test_put_retention_setting_invalid_negative" time="0.147" /><testcase classname="backend.tests.test_retention_and_cache_v11.TestDashboardStatsRetention" name="test_dashboard_stats_includes_retention_days" time="0.142" /><testcase classname="backend.tests.test_retention_and_cache_v11.TestDashboardStatsRetention" name="test_dashboard_stats_retention_affects_counts" time="1.703" /><testcase classname="backend.tests.test_retention_and_cache_v11.TestDashboardStatsCache" name="test_cache_serves_same_data_within_ttl" time="0.213" /><testcase classname="backend.tests.test_retention_and_cache_v11.TestDashboardStatsCache" name="test_cache_invalidated_after_retention_change" time="0.570" /><testcase classname="backend.tests.test_retention_and_cache_v11.TestIntelligenceRetentionFilter" name="test_intelligence_applies_retention_filter" time="56.158" /><testcase classname="backend.tests.test_retention_and_cache_v11.TestIntelligenceRetentionFilter" name="test_intelligence_explicit_date_from_overrides_retention" time="53.636" /><testcase classname="backend.tests.test_retention_and_cache_v11.TestRetentionEdgeCases" name="test_retention_boundary_values" time="0.486" /><testcase classname="backend.tests.test_retention_and_cache_v11.TestRetentionEdgeCases" name="test_retention_non_integer_rejected" time="0.114" /></testsuite></testsuites>