<?xml version="1.0" encoding="utf-8"?><testsuites name="pytest tests"><testsuite name="pytest" errors="0" failures="0" skipped="0" tests="18" time="4.605" timestamp="2026-04-11T15:12:26.746917+00:00" hostname="agent-env-4830759e-669c-4d29-8775-5afc250f7121"><testcase classname="backend.tests.test_iteration_26.TestIntelligenceFeedFiltering" name="test_intelligence_endpoint_returns_200" time="0.250" /><testcase classname="backend.tests.test_iteration_26.TestIntelligenceFeedFiltering" name="test_intelligence_no_low_severity" time="0.369" /><testcase classname="backend.tests.test_iteration_26.TestIntelligenceFeedFiltering" name="test_intelligence_no_unprocessed_tags" time="0.381" /><testcase classname="backend.tests.test_iteration_26.TestIntelligenceFeedFiltering" name="test_intelligence_total_count_reduced" time="0.240" /><testcase classname="backend.tests.test_iteration_26.TestDailyBriefCrossBorder" name="test_daily_brief_returns_200" time="0.108" /><testcase classname="backend.tests.test_iteration_26.TestDailyBriefCrossBorder" name="test_daily_brief_has_cross_border_bangladesh" time="0.116" /><testcase classname="backend.tests.test_iteration_26.TestDailyBriefCrossBorder" name="test_daily_brief_has_cross_border_myanmar" time="0.107" /><testcase classname="backend.tests.test_iteration_26.TestDailyBriefCrossBorder" name="test_cross_border_items_have_required_fields" time="0.108" /><testcase classname="backend.tests.test_iteration_26.TestDailyBriefCrossBorder" name="test_cross_border_categories_are_valid" time="0.132" /><testcase classname="backend.tests.test_iteration_26.TestDailyBriefPDF" name="test_pdf_download_returns_200" time="0.720" /><testcase classname="backend.tests.test_iteration_26.TestDailyBriefPDF" name="test_pdf_content_type" time="0.473" /><testcase classname="backend.tests.test_iteration_26.TestDailyBriefPDF" name="test_pdf_size_greater_than_10kb" time="0.457" /><testcase classname="backend.tests.test_iteration_26.TestDailyBriefPDF" name="test_pdf_has_content_disposition" time="0.453" /><testcase classname="backend.tests.test_iteration_26.TestTrainingQueue" name="test_training_queue_returns_200" time="0.110" /><testcase classname="backend.tests.test_iteration_26.TestTrainingQueue" name="test_training_queue_has_items_array" time="0.161" /><testcase classname="backend.tests.test_iteration_26.TestCrossBorderWatchRegression" name="test_cross_border_watch_returns_200" time="0.117" /><testcase classname="backend.tests.test_iteration_26.TestCrossBorderWatchRegression" name="test_cross_border_watch_has_sections" time="0.120" /><testcase classname="backend.tests.test_iteration_26.TestCrossBorderWatchRegression" name="test_cross_border_watch_no_low_severity" time="0.109" /></testsuite></testsuites>