<?xml version="1.0" encoding="utf-8"?><testsuites name="pytest tests"><testsuite name="pytest" errors="0" failures="0" skipped="0" tests="20" time="3.532" timestamp="2026-04-06T20:00:11.788165+00:00" hostname="agent-env-4830759e-669c-4d29-8775-5afc250f7121"><testcase classname="backend.tests.test_new_features_v7.TestUnacknowledgedAlerts" name="test_unacknowledged_alerts_endpoint_returns_200" time="0.191" /><testcase classname="backend.tests.test_new_features_v7.TestUnacknowledgedAlerts" name="test_unacknowledged_alerts_response_structure" time="0.134" /><testcase classname="backend.tests.test_new_features_v7.TestUnacknowledgedAlerts" name="test_unacknowledged_alerts_only_critical_high" time="0.210" /><testcase classname="backend.tests.test_new_features_v7.TestUnacknowledgedAlerts" name="test_unacknowledged_alerts_not_acknowledged" time="0.179" /><testcase classname="backend.tests.test_new_features_v7.TestAcknowledgeAlert" name="test_acknowledge_valid_alert" time="0.415" /><testcase classname="backend.tests.test_new_features_v7.TestAcknowledgeAlert" name="test_acknowledge_nonexistent_alert" time="0.119" /><testcase classname="backend.tests.test_new_features_v7.TestPatternsEndpoint" name="test_patterns_endpoint_returns_200" time="0.126" /><testcase classname="backend.tests.test_new_features_v7.TestPatternsEndpoint" name="test_patterns_response_structure" time="0.134" /><testcase classname="backend.tests.test_new_features_v7.TestPatternsEndpoint" name="test_patterns_have_required_fields" time="0.208" /><testcase classname="backend.tests.test_new_features_v7.TestPatternsEndpoint" name="test_patterns_escalation_risk_values" time="0.231" /><testcase classname="backend.tests.test_new_features_v7.TestPatternDetection" name="test_pattern_detection_trigger" time="0.119" /><testcase classname="backend.tests.test_new_features_v7.TestPipelineStatus" name="test_pipeline_status_returns_200" time="0.128" /><testcase classname="backend.tests.test_new_features_v7.TestPipelineStatus" name="test_pipeline_status_has_filter_stats" time="0.146" /><testcase classname="backend.tests.test_new_features_v7.TestPipelineStatus" name="test_pipeline_status_basic_fields" time="0.170" /><testcase classname="backend.tests.test_new_features_v7.TestScanStatus" name="test_scan_status_returns_200" time="0.172" /><testcase classname="backend.tests.test_new_features_v7.TestScanStatus" name="test_scan_status_has_filter_fields" time="0.161" /><testcase classname="backend.tests.test_new_features_v7.TestScanStatus" name="test_scan_status_basic_fields" time="0.212" /><testcase classname="backend.tests.test_new_features_v7.TestIntelligenceFilter" name="test_intelligence_items_have_filter_metadata" time="0.121" /><testcase classname="backend.tests.test_new_features_v7.TestRSSSources" name="test_rss_sources_count" time="0.102" /><testcase classname="backend.tests.test_new_features_v7.TestDashboardStats" name="test_dashboard_stats_returns_200" time="0.140" /></testsuite></testsuites>