<?xml version="1.0" encoding="utf-8"?><testsuites name="pytest tests"><testsuite name="pytest" errors="0" failures="0" skipped="0" tests="22" time="17.367" timestamp="2026-04-10T10:30:17.963060+00:00" hostname="agent-env-4830759e-669c-4d29-8775-5afc250f7121"><testcase classname="backend.tests.test_p0_bug_fixes_v24.TestCrossBorderBugFixes" name="test_cross_border_endpoint_returns_200" time="0.200" /><testcase classname="backend.tests.test_p0_bug_fixes_v24.TestCrossBorderBugFixes" name="test_no_low_severity_items_in_bangladesh" time="0.110" /><testcase classname="backend.tests.test_p0_bug_fixes_v24.TestCrossBorderBugFixes" name="test_no_low_severity_items_in_myanmar" time="0.132" /><testcase classname="backend.tests.test_p0_bug_fixes_v24.TestCrossBorderBugFixes" name="test_no_non_latin_titles_in_bangladesh" time="0.172" /><testcase classname="backend.tests.test_p0_bug_fixes_v24.TestCrossBorderBugFixes" name="test_no_non_latin_titles_in_myanmar" time="0.122" /><testcase classname="backend.tests.test_p0_bug_fixes_v24.TestCrossBorderBugFixes" name="test_no_non_latin_summaries_in_bangladesh" time="0.167" /><testcase classname="backend.tests.test_p0_bug_fixes_v24.TestCrossBorderBugFixes" name="test_no_non_latin_summaries_in_myanmar" time="0.161" /><testcase classname="backend.tests.test_p0_bug_fixes_v24.TestCrossBorderBugFixes" name="test_items_have_cross_border_category" time="0.118" /><testcase classname="backend.tests.test_p0_bug_fixes_v24.TestCrossBorderBugFixes" name="test_bangladesh_myanmar_sections_exist" time="0.160" /><testcase classname="backend.tests.test_p0_bug_fixes_v24.TestDailyBriefBugFixes" name="test_generate_brief_endpoint" time="0.114" /><testcase classname="backend.tests.test_p0_bug_fixes_v24.TestDailyBriefBugFixes" name="test_daily_brief_endpoint_returns_200" time="14.090" /><testcase classname="backend.tests.test_p0_bug_fixes_v24.TestDailyBriefBugFixes" name="test_key_developments_only_ner_states" time="0.132" /><testcase classname="backend.tests.test_p0_bug_fixes_v24.TestDailyBriefBugFixes" name="test_no_bangladesh_in_key_developments" time="0.097" /><testcase classname="backend.tests.test_p0_bug_fixes_v24.TestDailyBriefBugFixes" name="test_no_myanmar_in_key_developments" time="0.147" /><testcase classname="backend.tests.test_p0_bug_fixes_v24.TestDailyBriefBugFixes" name="test_no_empty_state_in_key_developments" time="0.099" /><testcase classname="backend.tests.test_p0_bug_fixes_v24.TestDailyBriefBugFixes" name="test_daily_brief_pdf_download" time="0.596" /><testcase classname="backend.tests.test_p0_bug_fixes_v24.TestDailyBriefBugFixes" name="test_key_developments_states_distribution" time="0.110" /><testcase classname="backend.tests.test_p0_bug_fixes_v24.TestCrossBorderResponseStructure" name="test_grouped_structure_exists" time="0.107" /><testcase classname="backend.tests.test_p0_bug_fixes_v24.TestCrossBorderResponseStructure" name="test_posture_fields_exist" time="0.115" /><testcase classname="backend.tests.test_p0_bug_fixes_v24.TestCrossBorderResponseStructure" name="test_watchpoints_exist" time="0.113" /><testcase classname="backend.tests.test_p0_bug_fixes_v24.TestDailyBriefStructure" name="test_brief_has_required_fields" time="0.103" /><testcase classname="backend.tests.test_p0_bug_fixes_v24.TestDailyBriefStructure" name="test_brief_has_optional_sections" time="0.112" /></testsuite></testsuites>