<?xml version="1.0" encoding="utf-8"?><testsuites name="pytest tests"><testsuite name="pytest" errors="0" failures="0" skipped="0" tests="19" time="45.405" timestamp="2026-04-10T11:38:55.317284+00:00" hostname="agent-env-4830759e-669c-4d29-8775-5afc250f7121"><testcase classname="tests.test_fusion_v25.TestFusionStats" name="test_fusion_stats_returns_200" time="0.153" /><testcase classname="tests.test_fusion_v25.TestFusionStats" name="test_fusion_stats_has_required_fields" time="0.109" /><testcase classname="tests.test_fusion_v25.TestFusionStats" name="test_fusion_stats_values_are_valid" time="0.106" /><testcase classname="tests.test_fusion_v25.TestFusionStats" name="test_top_clusters_structure" time="0.103" /><testcase classname="tests.test_fusion_v25.TestBatchFusion" name="test_batch_fusion_trigger_returns_200" time="0.103" /><testcase classname="tests.test_fusion_v25.TestBatchFusion" name="test_batch_fusion_returns_message" time="0.154" /><testcase classname="tests.test_fusion_v25.TestIntelligenceFeedFusion" name="test_intelligence_returns_200" time="0.395" /><testcase classname="tests.test_fusion_v25.TestIntelligenceFeedFusion" name="test_intelligence_only_returns_primaries" time="21.819" /><testcase classname="tests.test_fusion_v25.TestIntelligenceFeedFusion" name="test_fused_items_have_cluster_fields" time="21.010" /><testcase classname="tests.test_fusion_v25.TestIntelligenceFeedFusion" name="test_visible_count_less_than_total_db" time="0.260" /><testcase classname="tests.test_fusion_v25.TestCrossBorderRegression" name="test_cross_border_returns_200" time="0.114" /><testcase classname="tests.test_fusion_v25.TestCrossBorderRegression" name="test_cross_border_has_sections" time="0.124" /><testcase classname="tests.test_fusion_v25.TestCrossBorderRegression" name="test_cross_border_no_low_severity" time="0.146" /><testcase classname="tests.test_fusion_v25.TestCrossBorderRegression" name="test_cross_border_no_non_latin_chars" time="0.107" /><testcase classname="tests.test_fusion_v25.TestDailyBriefRegression" name="test_daily_brief_returns_200" time="0.108" /><testcase classname="tests.test_fusion_v25.TestDailyBriefRegression" name="test_daily_brief_has_required_fields" time="0.107" /><testcase classname="tests.test_fusion_v25.TestDailyBriefRegression" name="test_key_developments_only_ner_states" time="0.139" /><testcase classname="tests.test_fusion_v25.TestPipelineStatus" name="test_pipeline_status_returns_200" time="0.120" /><testcase classname="tests.test_fusion_v25.TestPipelineStatus" name="test_pipeline_status_has_scheduler_info" time="0.148" /></testsuite></testsuites>