<?xml version="1.0" encoding="utf-8"?><testsuites name="pytest tests"><testsuite name="pytest" errors="0" failures="0" skipped="0" tests="20" time="143.810" timestamp="2026-04-07T02:19:48.634112+00:00" hostname="agent-env-4830759e-669c-4d29-8775-5afc250f7121"><testcase classname="tests.test_filter_and_brief_v13.TestDailyBriefGeneration" name="test_generate_brief_endpoint_exists" time="0.199" /><testcase classname="tests.test_filter_and_brief_v13.TestDailyBriefGeneration" name="test_get_daily_brief_returns_data" time="19.641" /><testcase classname="tests.test_filter_and_brief_v13.TestDailyBriefGeneration" name="test_daily_brief_pdf_returns_valid_pdf" time="0.825" /><testcase classname="tests.test_filter_and_brief_v13.TestHardFilterRejectsSports" name="test_filter_rejects_ipl_cricket_in_title" time="0.001" /><testcase classname="tests.test_filter_and_brief_v13.TestHardFilterRejectsSports" name="test_filter_rejects_ipl_in_content" time="0.000" /><testcase classname="tests.test_filter_and_brief_v13.TestHardFilterRejectsSports" name="test_filter_rejects_lottery" time="0.000" /><testcase classname="tests.test_filter_and_brief_v13.TestHardFilterRejectsSports" name="test_filter_rejects_bollywood" time="0.000" /><testcase classname="tests.test_filter_and_brief_v13.TestHardFilterRejectsSports" name="test_filter_rejects_cricket_in_content_only" time="0.000" /><testcase classname="tests.test_filter_and_brief_v13.TestHardFilterAcceptsLegitIntelligence" name="test_filter_accepts_arms_recovery" time="0.000" /><testcase classname="tests.test_filter_and_brief_v13.TestHardFilterAcceptsLegitIntelligence" name="test_filter_accepts_border_news" time="0.000" /><testcase classname="tests.test_filter_and_brief_v13.TestHardFilterAcceptsLegitIntelligence" name="test_filter_does_not_false_reject_modi" time="0.000" /><testcase classname="tests.test_filter_and_brief_v13.TestHardFilterAcceptsLegitIntelligence" name="test_filter_accepts_military_operations" time="0.000" /><testcase classname="tests.test_filter_and_brief_v13.TestHardFilterAcceptsLegitIntelligence" name="test_filter_accepts_insurgency_news" time="0.000" /><testcase classname="tests.test_filter_and_brief_v13.TestWordBoundaryMatching" name="test_ipl_word_boundary" time="0.000" /><testcase classname="tests.test_filter_and_brief_v13.TestWordBoundaryMatching" name="test_odi_word_boundary" time="0.000" /><testcase classname="tests.test_filter_and_brief_v13.TestWordBoundaryMatching" name="test_t20_word_boundary" time="0.000" /><testcase classname="tests.test_filter_and_brief_v13.TestIntelligenceFeedNoSports" name="test_intelligence_feed_no_cricket" time="37.452" /><testcase classname="tests.test_filter_and_brief_v13.TestIntelligenceFeedNoSports" name="test_intelligence_feed_no_lottery" time="36.484" /><testcase classname="tests.test_filter_and_brief_v13.TestIntelligenceFeedNoSports" name="test_intelligence_feed_no_bollywood" time="48.925" /><testcase classname="tests.test_filter_and_brief_v13.TestDashboardStats" name="test_dashboard_stats_returns_data" time="0.228" /></testsuite></testsuites>