<?xml version="1.0" encoding="utf-8"?><testsuites name="pytest tests"><testsuite name="pytest" errors="0" failures="0" skipped="0" tests="28" time="6.404" timestamp="2026-04-08T13:13:03.542569+00:00" hostname="agent-env-4830759e-669c-4d29-8775-5afc250f7121"><testcase classname="backend.tests.test_training_feedback_v18.TestTrainingPipeline" name="test_add_url_success" time="0.419" /><testcase classname="backend.tests.test_training_feedback_v18.TestTrainingPipeline" name="test_add_url_duplicate_rejected" time="0.389" /><testcase classname="backend.tests.test_training_feedback_v18.TestTrainingPipeline" name="test_add_url_invalid_rejected" time="0.115" /><testcase classname="backend.tests.test_training_feedback_v18.TestTrainingPipeline" name="test_add_url_empty_rejected" time="0.110" /><testcase classname="backend.tests.test_training_feedback_v18.TestTrainingPipeline" name="test_upload_txt_file" time="0.254" /><testcase classname="backend.tests.test_training_feedback_v18.TestTrainingPipeline" name="test_upload_unsupported_file_rejected" time="0.112" /><testcase classname="backend.tests.test_training_feedback_v18.TestTrainingPipeline" name="test_get_training_queue" time="0.100" /><testcase classname="backend.tests.test_training_feedback_v18.TestTrainingPipeline" name="test_delete_training_item" time="0.218" /><testcase classname="backend.tests.test_training_feedback_v18.TestTrainingPipeline" name="test_delete_nonexistent_item" time="0.114" /><testcase classname="backend.tests.test_training_feedback_v18.TestTrainingPipeline" name="test_training_run_no_pending" time="0.106" /><testcase classname="backend.tests.test_training_feedback_v18.TestTrainingPipeline" name="test_get_training_progress" time="0.113" /><testcase classname="backend.tests.test_training_feedback_v18.TestTrainingPipeline" name="test_get_training_insights" time="0.100" /><testcase classname="backend.tests.test_training_feedback_v18.TestFeedbackSystem" name="test_submit_feedback_success" time="0.231" /><testcase classname="backend.tests.test_training_feedback_v18.TestFeedbackSystem" name="test_submit_feedback_update_existing" time="0.363" /><testcase classname="backend.tests.test_training_feedback_v18.TestFeedbackSystem" name="test_submit_feedback_invalid_rating" time="0.351" /><testcase classname="backend.tests.test_training_feedback_v18.TestFeedbackSystem" name="test_submit_feedback_missing_fields" time="0.338" /><testcase classname="backend.tests.test_training_feedback_v18.TestFeedbackSystem" name="test_submit_feedback_nonexistent_item" time="0.314" /><testcase classname="backend.tests.test_training_feedback_v18.TestFeedbackSystem" name="test_batch_feedback" time="0.367" /><testcase classname="backend.tests.test_training_feedback_v18.TestFeedbackSystem" name="test_batch_feedback_empty_rejected" time="0.226" /><testcase classname="backend.tests.test_training_feedback_v18.TestFeedbackSystem" name="test_batch_feedback_too_many_rejected" time="0.225" /><testcase classname="backend.tests.test_training_feedback_v18.TestFeedbackSystem" name="test_get_feedback_stats" time="0.237" /><testcase classname="backend.tests.test_training_feedback_v18.TestFeedbackSystem" name="test_get_training_profile" time="0.242" /><testcase classname="backend.tests.test_training_feedback_v18.TestFeedbackSettings" name="test_get_feedback_settings" time="0.122" /><testcase classname="backend.tests.test_training_feedback_v18.TestFeedbackSettings" name="test_update_feedback_settings" time="0.427" /><testcase classname="backend.tests.test_training_feedback_v18.TestFeedbackSettings" name="test_update_feedback_settings_invalid_values" time="0.292" /><testcase classname="backend.tests.test_training_feedback_v18.TestRouteOrdering" name="test_feedback_stats_route" time="0.130" /><testcase classname="backend.tests.test_training_feedback_v18.TestRouteOrdering" name="test_feedback_training_profile_route" time="0.128" /><testcase classname="backend.tests.test_training_feedback_v18.TestRouteOrdering" name="test_feedback_batch_route" time="0.108" /></testsuite></testsuites>