<?xml version="1.0" encoding="utf-8"?><testsuites name="pytest tests"><testsuite name="pytest" errors="0" failures="0" skipped="0" tests="16" time="47.209" timestamp="2026-04-06T22:11:29.298521+00:00" hostname="agent-env-4830759e-669c-4d29-8775-5afc250f7121"><testcase classname="backend.tests.test_p0_bugfixes_v12.TestAPIHealth" name="test_api_root" time="23.057" /><testcase classname="backend.tests.test_p0_bugfixes_v12.TestAPIHealth" name="test_pipeline_status" time="0.150" /><testcase classname="backend.tests.test_p0_bugfixes_v12.TestIntelligenceFeed" name="test_get_intelligence_returns_items" time="0.126" /><testcase classname="backend.tests.test_p0_bugfixes_v12.TestIntelligenceFeed" name="test_intelligence_item_structure" time="0.187" /><testcase classname="backend.tests.test_p0_bugfixes_v12.TestDailyBrief" name="test_get_daily_brief" time="0.114" /><testcase classname="backend.tests.test_p0_bugfixes_v12.TestDailyBrief" name="test_generate_brief_trigger" time="0.115" /><testcase classname="backend.tests.test_p0_bugfixes_v12.TestP0BugFix_CustomPDF" name="test_custom_brief_pdf_returns_200" time="20.109" /><testcase classname="backend.tests.test_p0_bugfixes_v12.TestP0BugFix_CustomPDF" name="test_custom_brief_pdf_with_filters" time="0.426" /><testcase classname="backend.tests.test_p0_bugfixes_v12.TestP0BugFix_CustomPDF" name="test_daily_brief_pdf_download" time="0.463" /><testcase classname="backend.tests.test_p0_bugfixes_v12.TestP0BugFix_Embeddings" name="test_embeddings_backfill_returns_200" time="0.101" /><testcase classname="backend.tests.test_p0_bugfixes_v12.TestP0BugFix_Embeddings" name="test_semantic_search_returns_200" time="1.563" /><testcase classname="backend.tests.test_p0_bugfixes_v12.TestP0BugFix_Embeddings" name="test_semantic_search_validation" time="0.106" /><testcase classname="backend.tests.test_p0_bugfixes_v12.TestRetentionSettings" name="test_get_retention_setting" time="0.135" /><testcase classname="backend.tests.test_p0_bugfixes_v12.TestAlerts" name="test_get_alerts" time="0.224" /><testcase classname="backend.tests.test_p0_bugfixes_v12.TestAlerts" name="test_get_unacknowledged_alerts" time="0.134" /><testcase classname="backend.tests.test_p0_bugfixes_v12.TestDashboardStats" name="test_dashboard_stats" time="0.119" /></testsuite></testsuites>