<?xml version="1.0" encoding="utf-8"?><testsuites name="pytest tests"><testsuite name="pytest" errors="0" failures="0" skipped="0" tests="22" time="8.929" timestamp="2026-04-23T18:40:34.344411+00:00" hostname="agent-env-4830759e-669c-4d29-8775-5afc250f7121"><testcase classname="backend.tests.test_app_updates_v34.TestAuthSetup" name="test_admin_login" time="0.399" /><testcase classname="backend.tests.test_app_updates_v34.TestAuthSetup" name="test_viewer_login" time="0.346" /><testcase classname="backend.tests.test_app_updates_v34.TestAdminCreateUpdate" name="test_create_update_major" time="0.425" /><testcase classname="backend.tests.test_app_updates_v34.TestAdminCreateUpdate" name="test_create_update_minor" time="0.404" /><testcase classname="backend.tests.test_app_updates_v34.TestAdminCreateUpdate" name="test_create_update_duplicate_version_returns_409" time="0.379" /><testcase classname="backend.tests.test_app_updates_v34.TestAdminCreateUpdate" name="test_create_update_missing_version_returns_400" time="0.464" /><testcase classname="backend.tests.test_app_updates_v34.TestAdminCreateUpdate" name="test_create_update_invalid_priority_returns_400" time="0.437" /><testcase classname="backend.tests.test_app_updates_v34.TestAdminCreateUpdate" name="test_viewer_cannot_create_update_403" time="0.385" /><testcase classname="backend.tests.test_app_updates_v34.TestAdminUpdateLogs" name="test_admin_can_get_update_logs" time="0.385" /><testcase classname="backend.tests.test_app_updates_v34.TestAdminUpdateLogs" name="test_viewer_cannot_get_update_logs_403" time="0.387" /><testcase classname="backend.tests.test_app_updates_v34.TestAdminTriggerUpdatePreview" name="test_preview_major_update" time="0.383" /><testcase classname="backend.tests.test_app_updates_v34.TestAdminTriggerUpdatePreview" name="test_preview_minor_update_shows_generic_message" time="0.391" /><testcase classname="backend.tests.test_app_updates_v34.TestAdminTriggerUpdatePreview" name="test_preview_nonexistent_version_returns_404" time="0.395" /><testcase classname="backend.tests.test_app_updates_v34.TestAdminTriggerUpdatePreview" name="test_viewer_cannot_preview_403" time="0.433" /><testcase classname="backend.tests.test_app_updates_v34.TestUserGetPendingUpdates" name="test_get_pending_updates_returns_notifications" time="0.380" /><testcase classname="backend.tests.test_app_updates_v34.TestUserGetPendingUpdates" name="test_admin_can_also_get_pending_updates" time="0.388" /><testcase classname="backend.tests.test_app_updates_v34.TestUserAcknowledgeUpdates" name="test_acknowledge_updates" time="0.382" /><testcase classname="backend.tests.test_app_updates_v34.TestUserAcknowledgeUpdates" name="test_after_acknowledge_no_pending_updates" time="0.422" /><testcase classname="backend.tests.test_app_updates_v34.TestUserGetAllUpdates" name="test_get_all_updates_history" time="0.387" /><testcase classname="backend.tests.test_app_updates_v34.TestUserGetAllUpdates" name="test_admin_can_get_all_updates" time="0.399" /><testcase classname="backend.tests.test_app_updates_v34.TestLongGapUserScenario" name="test_create_multiple_major_updates_for_long_gap" time="0.530" /><testcase classname="backend.tests.test_app_updates_v34.TestCleanup" name="test_cleanup_test_updates" time="0.330" /></testsuite></testsuites>