<?xml version="1.0" encoding="utf-8"?><testsuites name="pytest tests"><testsuite name="pytest" errors="0" failures="0" skipped="1" tests="14" time="9.525" timestamp="2026-04-08T15:13:33.773091+00:00" hostname="agent-env-4830759e-669c-4d29-8775-5afc250f7121"><testcase classname="backend.tests.test_activity_log_restructure_v21.TestActivityLogPagination" name="test_activity_log_returns_200" time="0.222" /><testcase classname="backend.tests.test_activity_log_restructure_v21.TestActivityLogPagination" name="test_activity_log_has_pagination_fields" time="0.149" /><testcase classname="backend.tests.test_activity_log_restructure_v21.TestActivityLogPagination" name="test_activity_log_page_parameter" time="0.134" /><testcase classname="backend.tests.test_activity_log_restructure_v21.TestActivityLogPagination" name="test_activity_log_only_session_entries" time="0.131" /><testcase classname="backend.tests.test_activity_log_restructure_v21.TestAddUrlNoActivityLog" name="test_add_url_no_activity_log_entry" time="0.456" /><testcase classname="backend.tests.test_activity_log_restructure_v21.TestFeedbackSessionAggregation" name="test_feedback_session_creation_after_5_ratings" time="7.148" /><testcase classname="backend.tests.test_activity_log_restructure_v21.TestFeedbackSessionAggregation" name="test_feedback_session_structure" time="0.112" /><testcase classname="backend.tests.test_activity_log_restructure_v21.TestFeedbackSessionAggregation" name="test_feedback_session_volume_format" time="0.182" /><testcase classname="backend.tests.test_activity_log_restructure_v21.TestFeedbackSessionAggregation" name="test_feedback_session_impact_summary_not_empty" time="0.120" /><testcase classname="backend.tests.test_activity_log_restructure_v21.TestExistingEndpointsStillWork" name="test_training_effectiveness_endpoint" time="0.129" /><testcase classname="backend.tests.test_activity_log_restructure_v21.TestExistingEndpointsStillWork" name="test_training_queue_endpoint" time="0.134" /><testcase classname="backend.tests.test_activity_log_restructure_v21.TestExistingEndpointsStillWork" name="test_feedback_stats_endpoint" time="0.146" /><testcase classname="backend.tests.test_activity_log_restructure_v21.TestExistingEndpointsStillWork" name="test_feedback_post_endpoint" time="0.286" /><testcase classname="backend.tests.test_activity_log_restructure_v21.TestTrainingSessionEntry" name="test_training_session_structure" time="0.106"><skipped type="pytest.skip" message="No training_session entries found to test structure">/app/backend/tests/test_activity_log_restructure_v21.py:282: No training_session entries found to test structure</skipped></testcase></testsuite></testsuites>