<?xml version="1.0" encoding="utf-8"?><testsuites name="pytest tests"><testsuite name="pytest" errors="0" failures="1" skipped="0" tests="13" time="36.194" timestamp="2026-04-13T15:33:41.818093+00:00" hostname="agent-env-4830759e-669c-4d29-8775-5afc250f7121"><testcase classname="backend.tests.test_iteration_28_fusion_analysis.TestAuthRegression" name="test_login_success" time="0.472" /><testcase classname="backend.tests.test_iteration_28_fusion_analysis.TestAuthRegression" name="test_login_invalid_credentials" time="0.342" /><testcase classname="backend.tests.test_iteration_28_fusion_analysis.TestCrossBorderRegression" name="test_cross_border_watch" time="0.126"><failure message="AssertionError: Missing watch items in response&#10;assert ('watch_items' in {'bangladesh': {'count': 14, 'grouped': [{'category': 'diplomatic', 'items': [{'actors': [...], 'ai_summary': 'India and Bangladesh defence officials engaged in high-level discussions to strengthen bilateral military cooperation and explore strategic partnership mechanisms. The engagement indicates coordinated effort on shared security concerns in South Asia. No specific operational details or conflict escalation reported.', 'countries_involved': [...], 'cross_border_category': 'diplomatic', ...}, {'actors': [...], 'ai_summary': &quot;Indian envoy has initiated outreach to Bangladesh PM signaling intent for diplomatic reset focused on people-centric cooperation and mutual development priorities. This represents a strategic pivot in bilateral engagement during a sensitive period in India-Bangladesh relations. The emphasis on 'forward-looking' approach suggests addressing past friction points.&quot;, 'countries_involved': [...], 'cross_border_category': 'diplomatic', ...}, {'ai_summary': &quot;Bangladesh's envoy Hamidullah met with Indian External Affairs Minister S. Jaishankar to discuss bilateral cooperation. The meeting indicates potential high-level diplomatic engagement with a possible visit...ross_border_category': 'defence', ...}, {'actors': ['Assam Rifles', 'Suspected militants'], 'ai_summary': 'Exchange of fire occurred on 2026-03-13 (Thursday) along India-Myanmar border in Changlang district, Arunachal Pradesh, between Assam Rifles and suspected militants. Incident location: Border Pillars 172-173 where border fencing construction was underway. One Assam Rifles soldier sustained injury.', 'countries_involved': ['India', 'Myanmar'], 'cross_border_category': 'defence', ...}, {'actors': ['MNDAA (Myanmar National Democratic Alliance Army - Kokang)', &quot;TNLA (Ta'ang National Liberation Army)&quot;, 'PLA (indirect presence)'], 'ai_summary': &quot;Allied armed groups MNDAA (Kokang faction) and TNLA (Ta'ang minority) experienced military clashes over the weekend, with MNDAA asserting full control of Kutkai town. Both groups are now entering ceasefire negotiations to prevent further escalation. This represents a fracture in the armed opposition coalition operating in Myanmar's northern Shan State near Indian borders.&quot;, 'countries_involved': ['Myanmar', 'India', 'China'], 'cross_border_category': 'defence', ...}, ...], 'posture': 'watchful'}, 'signal_distribution': {}, 'total': 31, ...} or 'items' in {'bangladesh': {'count': 14, 'grouped': [{'category': 'diplomatic', 'items': [{'actors': [...], 'ai_summary': 'India and Bangladesh defence officials engaged in high-level discussions to strengthen bilateral military cooperation and explore strategic partnership mechanisms. The engagement indicates coordinated effort on shared security concerns in South Asia. No specific operational details or conflict escalation reported.', 'countries_involved': [...], 'cross_border_category': 'diplomatic', ...}, {'actors': [...], 'ai_summary': &quot;Indian envoy has initiated outreach to Bangladesh PM signaling intent for diplomatic reset focused on people-centric cooperation and mutual development priorities. This represents a strategic pivot in bilateral engagement during a sensitive period in India-Bangladesh relations. The emphasis on 'forward-looking' approach suggests addressing past friction points.&quot;, 'countries_involved': [...], 'cross_border_category': 'diplomatic', ...}, {'ai_summary': &quot;Bangladesh's envoy Hamidullah met with Indian External Affairs Minister S. Jaishankar to discuss bilateral cooperation. The meeting indicates potential high-level diplomatic engagement with a possible visit...ross_border_category': 'defence', ...}, {'actors': ['Assam Rifles', 'Suspected militants'], 'ai_summary': 'Exchange of fire occurred on 2026-03-13 (Thursday) along India-Myanmar border in Changlang district, Arunachal Pradesh, between Assam Rifles and suspected militants. Incident location: Border Pillars 172-173 where border fencing construction was underway. One Assam Rifles soldier sustained injury.', 'countries_involved': ['India', 'Myanmar'], 'cross_border_category': 'defence', ...}, {'actors': ['MNDAA (Myanmar National Democratic Alliance Army - Kokang)', &quot;TNLA (Ta'ang National Liberation Army)&quot;, 'PLA (indirect presence)'], 'ai_summary': &quot;Allied armed groups MNDAA (Kokang faction) and TNLA (Ta'ang minority) experienced military clashes over the weekend, with MNDAA asserting full control of Kutkai town. Both groups are now entering ceasefire negotiations to prevent further escalation. This represents a fracture in the armed opposition coalition operating in Myanmar's northern Shan State near Indian borders.&quot;, 'countries_involved': ['Myanmar', 'India', 'China'], 'cross_border_category': 'defence', ...}, ...], 'posture': 'watchful'}, 'signal_distribution': {}, 'total': 31, ...})">backend/tests/test_iteration_28_fusion_analysis.py:53: in test_cross_border_watch
    assert "watch_items" in data or "items" in data, "Missing watch items in response"
E   AssertionError: Missing watch items in response
E   assert ('watch_items' in {'bangladesh': {'count': 14, 'grouped': [{'category': 'diplomatic', 'items': [{'actors': [...], 'ai_summary': 'India and Bangladesh defence officials engaged in high-level discussions to strengthen bilateral military cooperation and explore strategic partnership mechanisms. The engagement indicates coordinated effort on shared security concerns in South Asia. No specific operational details or conflict escalation reported.', 'countries_involved': [...], 'cross_border_category': 'diplomatic', ...}, {'actors': [...], 'ai_summary': "Indian envoy has initiated outreach to Bangladesh PM signaling intent for diplomatic reset focused on people-centric cooperation and mutual development priorities. This represents a strategic pivot in bilateral engagement during a sensitive period in India-Bangladesh relations. The emphasis on 'forward-looking' approach suggests addressing past friction points.", 'countries_involved': [...], 'cross_border_category': 'diplomatic', ...}, {'ai_summary': "Bangladesh's envoy Hamidullah met with Indian External Affairs Minister S. Jaishankar to discuss bilateral cooperation. The meeting indicates potential high-level diplomatic engagement with a possible visit...ross_border_category': 'defence', ...}, {'actors': ['Assam Rifles', 'Suspected militants'], 'ai_summary': 'Exchange of fire occurred on 2026-03-13 (Thursday) along India-Myanmar border in Changlang district, Arunachal Pradesh, between Assam Rifles and suspected militants. Incident location: Border Pillars 172-173 where border fencing construction was underway. One Assam Rifles soldier sustained injury.', 'countries_involved': ['India', 'Myanmar'], 'cross_border_category': 'defence', ...}, {'actors': ['MNDAA (Myanmar National Democratic Alliance Army - Kokang)', "TNLA (Ta'ang National Liberation Army)", 'PLA (indirect presence)'], 'ai_summary': "Allied armed groups MNDAA (Kokang faction) and TNLA (Ta'ang minority) experienced military clashes over the weekend, with MNDAA asserting full control of Kutkai town. Both groups are now entering ceasefire negotiations to prevent further escalation. This represents a fracture in the armed opposition coalition operating in Myanmar's northern Shan State near Indian borders.", 'countries_involved': ['Myanmar', 'India', 'China'], 'cross_border_category': 'defence', ...}, ...], 'posture': 'watchful'}, 'signal_distribution': {}, 'total': 31, ...} or 'items' in {'bangladesh': {'count': 14, 'grouped': [{'category': 'diplomatic', 'items': [{'actors': [...], 'ai_summary': 'India and Bangladesh defence officials engaged in high-level discussions to strengthen bilateral military cooperation and explore strategic partnership mechanisms. The engagement indicates coordinated effort on shared security concerns in South Asia. No specific operational details or conflict escalation reported.', 'countries_involved': [...], 'cross_border_category': 'diplomatic', ...}, {'actors': [...], 'ai_summary': "Indian envoy has initiated outreach to Bangladesh PM signaling intent for diplomatic reset focused on people-centric cooperation and mutual development priorities. This represents a strategic pivot in bilateral engagement during a sensitive period in India-Bangladesh relations. The emphasis on 'forward-looking' approach suggests addressing past friction points.", 'countries_involved': [...], 'cross_border_category': 'diplomatic', ...}, {'ai_summary': "Bangladesh's envoy Hamidullah met with Indian External Affairs Minister S. Jaishankar to discuss bilateral cooperation. The meeting indicates potential high-level diplomatic engagement with a possible visit...ross_border_category': 'defence', ...}, {'actors': ['Assam Rifles', 'Suspected militants'], 'ai_summary': 'Exchange of fire occurred on 2026-03-13 (Thursday) along India-Myanmar border in Changlang district, Arunachal Pradesh, between Assam Rifles and suspected militants. Incident location: Border Pillars 172-173 where border fencing construction was underway. One Assam Rifles soldier sustained injury.', 'countries_involved': ['India', 'Myanmar'], 'cross_border_category': 'defence', ...}, {'actors': ['MNDAA (Myanmar National Democratic Alliance Army - Kokang)', "TNLA (Ta'ang National Liberation Army)", 'PLA (indirect presence)'], 'ai_summary': "Allied armed groups MNDAA (Kokang faction) and TNLA (Ta'ang minority) experienced military clashes over the weekend, with MNDAA asserting full control of Kutkai town. Both groups are now entering ceasefire negotiations to prevent further escalation. This represents a fracture in the armed opposition coalition operating in Myanmar's northern Shan State near Indian borders.", 'countries_involved': ['Myanmar', 'India', 'China'], 'cross_border_category': 'defence', ...}, ...], 'posture': 'watchful'}, 'signal_distribution': {}, 'total': 31, ...})</failure></testcase><testcase classname="backend.tests.test_iteration_28_fusion_analysis.TestFusionFix" name="test_intelligence_no_duplicate_titles_from_same_source" time="0.376" /><testcase classname="backend.tests.test_iteration_28_fusion_analysis.TestFusionFix" name="test_fusion_stats_dedup_ratio" time="0.147" /><testcase classname="backend.tests.test_iteration_28_fusion_analysis.TestDocumentAnalysis" name="test_get_uploaded_documents_list" time="0.933" /><testcase classname="backend.tests.test_iteration_28_fusion_analysis.TestDocumentAnalysis" name="test_get_existing_analyzed_document" time="0.567" /><testcase classname="backend.tests.test_iteration_28_fusion_analysis.TestDocumentAnalysis" name="test_document_not_found" time="0.527" /><testcase classname="backend.tests.test_iteration_28_fusion_analysis.TestAnalyzeURLEndpoint" name="test_analyze_url_invalid_url" time="0.453" /><testcase classname="backend.tests.test_iteration_28_fusion_analysis.TestAnalyzeURLEndpoint" name="test_analyze_url_endpoint_exists" time="0.642" /><testcase classname="backend.tests.test_iteration_28_fusion_analysis.TestUploadDocumentEndpoint" name="test_upload_document_invalid_type" time="0.453" /><testcase classname="backend.tests.test_iteration_28_fusion_analysis.TestUploadDocumentEndpoint" name="test_upload_document_txt_file" time="30.499" /><testcase classname="backend.tests.test_iteration_28_fusion_analysis.TestDeleteDocument" name="test_delete_nonexistent_document" time="0.521" /></testsuite></testsuites>