<?xml version="1.0" encoding="utf-8"?><testsuites name="pytest tests"><testsuite name="pytest" errors="0" failures="0" skipped="0" tests="28" time="27.836" timestamp="2026-04-08T02:46:27.516552+00:00" hostname="agent-env-4830759e-669c-4d29-8775-5afc250f7121"><testcase classname="tests.test_refactored_routers_v16.TestRootEndpoint" name="test_root_health_check" time="0.184" /><testcase classname="tests.test_refactored_routers_v16.TestDashboardStats" name="test_dashboard_stats" time="0.152" /><testcase classname="tests.test_refactored_routers_v16.TestIntelligenceEndpoints" name="test_intelligence_list" time="0.173" /><testcase classname="tests.test_refactored_routers_v16.TestIntelligenceEndpoints" name="test_intelligence_filter_by_severity" time="0.148" /><testcase classname="tests.test_refactored_routers_v16.TestIntelligenceEndpoints" name="test_intelligence_filter_by_state" time="0.138" /><testcase classname="tests.test_refactored_routers_v16.TestIntelligenceEndpoints" name="test_intelligence_item_detail" time="0.254" /><testcase classname="tests.test_refactored_routers_v16.TestIntelligenceEndpoints" name="test_intelligence_item_not_found" time="0.104" /><testcase classname="tests.test_refactored_routers_v16.TestAlertsEndpoints" name="test_alerts_list" time="0.186" /><testcase classname="tests.test_refactored_routers_v16.TestAlertsEndpoints" name="test_unacknowledged_alerts" time="0.214" /><testcase classname="tests.test_refactored_routers_v16.TestPatternsEndpoint" name="test_patterns_list" time="0.108" /><testcase classname="tests.test_refactored_routers_v16.TestSemanticSearch" name="test_semantic_search" time="2.065" /><testcase classname="tests.test_refactored_routers_v16.TestSemanticSearch" name="test_semantic_search_short_query" time="0.104" /><testcase classname="tests.test_refactored_routers_v16.TestSettingsEndpoints" name="test_get_retention_setting" time="0.092" /><testcase classname="tests.test_refactored_routers_v16.TestSettingsEndpoints" name="test_update_retention_setting" time="0.364" /><testcase classname="tests.test_refactored_routers_v16.TestBriefsEndpoints" name="test_get_daily_brief" time="0.142" /><testcase classname="tests.test_refactored_routers_v16.TestBriefsEndpoints" name="test_generate_brief" time="0.113" /><testcase classname="tests.test_refactored_routers_v16.TestBriefsEndpoints" name="test_weekly_trends" time="21.964" /><testcase classname="tests.test_refactored_routers_v16.TestPipelineEndpoints" name="test_pipeline_status" time="0.120" /><testcase classname="tests.test_refactored_routers_v16.TestPipelineEndpoints" name="test_scan_status" time="0.115" /><testcase classname="tests.test_refactored_routers_v16.TestKnowledgeGraphEndpoints" name="test_kg_stats" time="0.103" /><testcase classname="tests.test_refactored_routers_v16.TestKnowledgeGraphEndpoints" name="test_kg_actors" time="0.111" /><testcase classname="tests.test_refactored_routers_v16.TestKnowledgeGraphEndpoints" name="test_kg_network" time="0.110" /><testcase classname="tests.test_refactored_routers_v16.TestKeywordsEndpoints" name="test_keywords_list" time="0.105" /><testcase classname="tests.test_refactored_routers_v16.TestKeywordsEndpoints" name="test_keywords_filter_by_type" time="0.102" /><testcase classname="tests.test_refactored_routers_v16.TestSourcesEndpoints" name="test_sources_list" time="0.112" /><testcase classname="tests.test_refactored_routers_v16.TestSourcesEndpoints" name="test_twitter_accounts" time="0.119" /><testcase classname="tests.test_refactored_routers_v16.TestSourcesEndpoints" name="test_uploaded_documents" time="0.094" /><testcase classname="tests.test_refactored_routers_v16.TestSourcesEndpoints" name="test_handbook" time="0.100" /></testsuite></testsuites>