<?xml version="1.0" encoding="utf-8"?><testsuites name="pytest tests"><testsuite name="pytest" errors="0" failures="0" skipped="0" tests="21" time="5.024" timestamp="2026-04-08T14:34:04.975351+00:00" hostname="agent-env-4830759e-669c-4d29-8775-5afc250f7121"><testcase classname="backend.tests.test_training_relevance_activity_v19.TestURLRelevanceTagging" name="test_add_url_with_relevance_1" time="0.437" /><testcase classname="backend.tests.test_training_relevance_activity_v19.TestURLRelevanceTagging" name="test_add_url_with_relevance_6" time="0.350" /><testcase classname="backend.tests.test_training_relevance_activity_v19.TestURLRelevanceTagging" name="test_add_url_with_relevance_3" time="0.259" /><testcase classname="backend.tests.test_training_relevance_activity_v19.TestURLRelevanceTagging" name="test_add_url_without_relevance" time="0.574" /><testcase classname="backend.tests.test_training_relevance_activity_v19.TestURLRelevanceTagging" name="test_add_url_relevance_0_rejected" time="0.185" /><testcase classname="backend.tests.test_training_relevance_activity_v19.TestURLRelevanceTagging" name="test_add_url_relevance_7_rejected" time="0.164" /><testcase classname="backend.tests.test_training_relevance_activity_v19.TestURLRelevanceTagging" name="test_add_url_relevance_string_rejected" time="0.105" /><testcase classname="backend.tests.test_training_relevance_activity_v19.TestURLRelevanceTagging" name="test_add_url_relevance_float_rejected" time="0.104" /><testcase classname="backend.tests.test_training_relevance_activity_v19.TestQueueRelevanceDisplay" name="test_queue_shows_relevance_on_items" time="0.397" /><testcase classname="backend.tests.test_training_relevance_activity_v19.TestQueueRelevanceDisplay" name="test_queue_shows_null_relevance_when_not_set" time="0.343" /><testcase classname="backend.tests.test_training_relevance_activity_v19.TestActivityLog" name="test_activity_log_returns_entries" time="0.117" /><testcase classname="backend.tests.test_training_relevance_activity_v19.TestActivityLog" name="test_activity_log_returns_summary" time="0.118" /><testcase classname="backend.tests.test_training_relevance_activity_v19.TestActivityLog" name="test_activity_log_returns_ai_impact" time="0.134" /><testcase classname="backend.tests.test_training_relevance_activity_v19.TestActivityLog" name="test_activity_log_records_url_added_event" time="0.369" /><testcase classname="backend.tests.test_training_relevance_activity_v19.TestActivityLog" name="test_activity_log_records_file_uploaded_event" time="0.318" /><testcase classname="backend.tests.test_training_relevance_activity_v19.TestActivityLog" name="test_activity_log_entry_structure" time="0.131" /><testcase classname="backend.tests.test_training_relevance_activity_v19.TestExistingEndpointsStillWork" name="test_feedback_submit_still_works" time="0.313" /><testcase classname="backend.tests.test_training_relevance_activity_v19.TestExistingEndpointsStillWork" name="test_feedback_stats_still_works" time="0.123" /><testcase classname="backend.tests.test_training_relevance_activity_v19.TestExistingEndpointsStillWork" name="test_training_queue_still_works" time="0.127" /><testcase classname="backend.tests.test_training_relevance_activity_v19.TestExistingEndpointsStillWork" name="test_training_insights_still_works" time="0.107" /><testcase classname="backend.tests.test_training_relevance_activity_v19.TestExistingEndpointsStillWork" name="test_training_progress_still_works" time="0.106" /></testsuite></testsuites>