<?xml version="1.0" encoding="utf-8"?><testsuites name="pytest tests"><testsuite name="pytest" errors="0" failures="0" skipped="0" tests="27" time="5.883" timestamp="2026-04-08T09:32:38.883583+00:00" hostname="agent-env-4830759e-669c-4d29-8775-5afc250f7121"><testcase classname="backend.tests.test_feedback_system_v17.TestFeedbackSettings" name="test_get_feedback_settings" time="0.189" /><testcase classname="backend.tests.test_feedback_system_v17.TestFeedbackSettings" name="test_update_feedback_settings_valid" time="0.294" /><testcase classname="backend.tests.test_feedback_system_v17.TestFeedbackSettings" name="test_update_feedback_settings_invalid_low" time="0.111" /><testcase classname="backend.tests.test_feedback_system_v17.TestFeedbackSettings" name="test_update_feedback_settings_invalid_high" time="0.096" /><testcase classname="backend.tests.test_feedback_system_v17.TestFeedbackSettings" name="test_update_feedback_settings_invalid_type" time="0.093" /><testcase classname="backend.tests.test_feedback_system_v17.TestFeedbackSubmission" name="test_submit_rating_valid" time="0.240" /><testcase classname="backend.tests.test_feedback_system_v17.TestFeedbackSubmission" name="test_submit_rating_update_same_device" time="0.308" /><testcase classname="backend.tests.test_feedback_system_v17.TestFeedbackSubmission" name="test_submit_rating_invalid_low" time="0.200" /><testcase classname="backend.tests.test_feedback_system_v17.TestFeedbackSubmission" name="test_submit_rating_invalid_high" time="0.204" /><testcase classname="backend.tests.test_feedback_system_v17.TestFeedbackSubmission" name="test_submit_rating_invalid_float" time="0.205" /><testcase classname="backend.tests.test_feedback_system_v17.TestFeedbackSubmission" name="test_submit_rating_missing_intelligence_id" time="0.237" /><testcase classname="backend.tests.test_feedback_system_v17.TestFeedbackSubmission" name="test_submit_rating_missing_device_id" time="0.207" /><testcase classname="backend.tests.test_feedback_system_v17.TestFeedbackSubmission" name="test_submit_rating_invalid_intelligence_id" time="0.205" /><testcase classname="backend.tests.test_feedback_system_v17.TestFeedbackRetrieval" name="test_get_feedback_for_item" time="0.217" /><testcase classname="backend.tests.test_feedback_system_v17.TestFeedbackRetrieval" name="test_get_feedback_with_device_id" time="0.315" /><testcase classname="backend.tests.test_feedback_system_v17.TestFeedbackRetrieval" name="test_get_feedback_distribution" time="0.213" /><testcase classname="backend.tests.test_feedback_system_v17.TestFeedbackBatch" name="test_batch_feedback_fetch" time="0.567" /><testcase classname="backend.tests.test_feedback_system_v17.TestFeedbackBatch" name="test_batch_feedback_empty_ids" time="0.226" /><testcase classname="backend.tests.test_feedback_system_v17.TestFeedbackBatch" name="test_batch_feedback_too_many_ids" time="0.467" /><testcase classname="backend.tests.test_feedback_system_v17.TestFeedbackStats" name="test_get_feedback_stats" time="0.108" /><testcase classname="backend.tests.test_feedback_system_v17.TestFeedbackStats" name="test_get_feedback_stats_distribution" time="0.112" /><testcase classname="backend.tests.test_feedback_system_v17.TestTrainingProfile" name="test_get_training_profile" time="0.102" /><testcase classname="backend.tests.test_feedback_system_v17.TestTrainingProfile" name="test_training_profile_weights_structure" time="0.105" /><testcase classname="backend.tests.test_feedback_system_v17.TestAggregationUpdate" name="test_aggregation_updates_on_feedback" time="0.380" /><testcase classname="backend.tests.test_feedback_system_v17.TestRouteOrdering" name="test_stats_route_works" time="0.098" /><testcase classname="backend.tests.test_feedback_system_v17.TestRouteOrdering" name="test_training_profile_route_works" time="0.137" /><testcase classname="backend.tests.test_feedback_system_v17.TestRouteOrdering" name="test_batch_route_works" time="0.097" /></testsuite></testsuites>