<?xml version="1.0" encoding="utf-8"?><testsuites name="pytest tests"><testsuite name="pytest" errors="0" failures="0" skipped="0" tests="15" time="2.673" timestamp="2026-04-13T16:39:31.204968+00:00" hostname="agent-env-4830759e-669c-4d29-8775-5afc250f7121"><testcase classname="tests.test_feedback_bias_v29.TestAuth" name="test_login_success" time="0.387" /><testcase classname="tests.test_feedback_bias_v29.TestAuth" name="test_login_invalid_credentials" time="0.362" /><testcase classname="tests.test_feedback_bias_v29.TestFeedbackBiasProfile" name="test_bias_profile_endpoint_exists" time="0.123" /><testcase classname="tests.test_feedback_bias_v29.TestFeedbackBiasProfile" name="test_bias_profile_has_active_status" time="0.151" /><testcase classname="tests.test_feedback_bias_v29.TestFeedbackBiasProfile" name="test_bias_profile_has_total_ratings" time="0.106" /><testcase classname="tests.test_feedback_bias_v29.TestFeedbackBiasProfile" name="test_bias_profile_has_unique_items" time="0.106" /><testcase classname="tests.test_feedback_bias_v29.TestFeedbackBiasProfile" name="test_bias_profile_has_upweight_regions" time="0.125" /><testcase classname="tests.test_feedback_bias_v29.TestFeedbackBiasProfile" name="test_bias_profile_has_upweight_threats" time="0.130" /><testcase classname="tests.test_feedback_bias_v29.TestFeedbackBiasProfile" name="test_bias_profile_has_upweight_actors" time="0.171" /><testcase classname="tests.test_feedback_bias_v29.TestFeedbackBiasProfile" name="test_bias_profile_has_downweight_fields" time="0.125" /><testcase classname="tests.test_feedback_bias_v29.TestFeedbackBiasProfile" name="test_bias_profile_has_window_days" time="0.121" /><testcase classname="tests.test_feedback_bias_v29.TestFeedbackBiasProfile" name="test_bias_profile_has_high_low_rated_counts" time="0.113" /><testcase classname="tests.test_feedback_bias_v29.TestBiasCacheInvalidation" name="test_feedback_submission_invalidates_cache" time="0.379" /><testcase classname="tests.test_feedback_bias_v29.TestFeedbackStats" name="test_feedback_stats_endpoint" time="0.110" /><testcase classname="tests.test_feedback_bias_v29.TestTrainingProfile" name="test_training_profile_endpoint" time="0.100" /></testsuite></testsuites>