<?xml version="1.0" encoding="utf-8"?><testsuites name="pytest tests"><testsuite name="pytest" errors="0" failures="0" skipped="0" tests="14" time="22.075" timestamp="2026-04-19T15:24:11.816156+00:00" hostname="agent-env-4830759e-669c-4d29-8775-5afc250f7121"><testcase classname="backend.tests.test_add_to_feed_v33.TestAddToFeedEndpoint" name="test_add_to_feed_with_user_title" time="0.317" /><testcase classname="backend.tests.test_add_to_feed_v33.TestAddToFeedEndpoint" name="test_add_to_feed_duplicate_url_returns_409" time="0.112" /><testcase classname="backend.tests.test_add_to_feed_v33.TestAddToFeedEndpoint" name="test_add_to_feed_invalid_url_returns_400" time="0.106" /><testcase classname="backend.tests.test_add_to_feed_v33.TestAddToFeedEndpoint" name="test_add_to_feed_severity_validation" time="0.179" /><testcase classname="backend.tests.test_add_to_feed_v33.TestAddToFeedEndpoint" name="test_add_to_feed_priority_score_clamping" time="0.182" /><testcase classname="backend.tests.test_add_to_feed_v33.TestAddedItemsInFeed" name="test_added_item_appears_in_intelligence_feed" time="0.396" /><testcase classname="backend.tests.test_add_to_feed_v33.TestAddedItemsInFeed" name="test_added_item_has_correct_fields" time="0.443" /><testcase classname="backend.tests.test_add_to_feed_v33.TestAnalyzeURLEndpoint" name="test_analyze_url_returns_document_id" time="0.252" /><testcase classname="backend.tests.test_add_to_feed_v33.TestAnalyzeURLEndpoint" name="test_analyze_url_invalid_url" time="1.194" /><testcase classname="backend.tests.test_add_to_feed_v33.TestUploadedDocuments" name="test_get_uploaded_documents" time="18.120" /><testcase classname="backend.tests.test_add_to_feed_v33.TestRegressionKeywordEngine" name="test_keywords_endpoint" time="0.134" /><testcase classname="backend.tests.test_add_to_feed_v33.TestRegressionSettings" name="test_get_bias_settings" time="0.110" /><testcase classname="backend.tests.test_add_to_feed_v33.TestRegressionSettings" name="test_get_retention_settings" time="0.111" /><testcase classname="backend.tests.test_add_to_feed_v33.TestAuthLogin" name="test_admin_login" time="0.351" /></testsuite></testsuites>