<?xml version="1.0" encoding="utf-8"?><testsuites name="pytest tests"><testsuite name="pytest" errors="0" failures="0" skipped="0" tests="14" time="21.569" timestamp="2026-04-06T20:35:30.041779+00:00" hostname="agent-env-4830759e-669c-4d29-8775-5afc250f7121"><testcase classname="backend.tests.test_brief_and_filters_v8.TestDailyBriefEnhancements" name="test_daily_brief_no_twitter_highlights" time="0.171" /><testcase classname="backend.tests.test_brief_and_filters_v8.TestDailyBriefEnhancements" name="test_daily_brief_has_pattern_insights" time="0.167" /><testcase classname="backend.tests.test_brief_and_filters_v8.TestDailyBriefEnhancements" name="test_daily_brief_pattern_insights_structure" time="0.129" /><testcase classname="backend.tests.test_brief_and_filters_v8.TestDailyBriefEnhancements" name="test_daily_brief_has_included_item_ids" time="0.135" /><testcase classname="backend.tests.test_brief_and_filters_v8.TestDailyBriefEnhancements" name="test_generate_brief_endpoint" time="0.101" /><testcase classname="backend.tests.test_brief_and_filters_v8.TestIntelligenceFeedFilters" name="test_min_priority_filter_60" time="19.697" /><testcase classname="backend.tests.test_brief_and_filters_v8.TestIntelligenceFeedFilters" name="test_min_priority_filter_80" time="0.126" /><testcase classname="backend.tests.test_brief_and_filters_v8.TestIntelligenceFeedFilters" name="test_sort_by_priority_score_desc" time="0.106" /><testcase classname="backend.tests.test_brief_and_filters_v8.TestIntelligenceFeedFilters" name="test_sort_by_priority_score_asc" time="0.134" /><testcase classname="backend.tests.test_brief_and_filters_v8.TestIntelligenceFeedFilters" name="test_combined_filter_and_sort" time="0.192" /><testcase classname="backend.tests.test_brief_and_filters_v8.TestIntelligenceFeedFilters" name="test_sort_by_published_at_default" time="0.139" /><testcase classname="backend.tests.test_brief_and_filters_v8.TestBriefDataIntegrity" name="test_brief_has_key_developments" time="0.126" /><testcase classname="backend.tests.test_brief_and_filters_v8.TestBriefDataIntegrity" name="test_brief_has_analyst_summary" time="0.126" /><testcase classname="backend.tests.test_brief_and_filters_v8.TestBriefDataIntegrity" name="test_brief_date_format" time="0.123" /></testsuite></testsuites>