<?xml version="1.0" encoding="utf-8"?><testsuites name="pytest tests"><testsuite name="pytest" errors="0" failures="0" skipped="0" tests="23" time="62.016" timestamp="2026-03-28T01:43:22.730053+00:00" hostname="agent-env-4830759e-669c-4d29-8775-5afc250f7121"><testcase classname="tests.test_new_features.TestScanStatusAPI" name="test_scan_status_endpoint_returns_200" time="0.218" /><testcase classname="tests.test_new_features.TestScanStatusAPI" name="test_scan_status_has_required_fields" time="0.115" /><testcase classname="tests.test_new_features.TestScanStatusAPI" name="test_scan_status_progress_is_valid" time="0.116" /><testcase classname="tests.test_new_features.TestScanStatusAPI" name="test_scan_status_has_scan_log" time="0.155" /><testcase classname="tests.test_new_features.TestScanStatusAPI" name="test_scan_status_last_scan_result_structure" time="0.102" /><testcase classname="tests.test_new_features.TestDashboardStatsAPI" name="test_dashboard_stats_returns_200" time="0.110" /><testcase classname="tests.test_new_features.TestDashboardStatsAPI" name="test_dashboard_stats_has_severity_counts" time="0.116" /><testcase classname="tests.test_new_features.TestDashboardStatsAPI" name="test_dashboard_stats_counts_are_non_negative" time="0.131" /><testcase classname="tests.test_new_features.TestIntelligenceFeedAPI" name="test_intelligence_feed_returns_200" time="2.951" /><testcase classname="tests.test_new_features.TestIntelligenceFeedAPI" name="test_intelligence_feed_filter_by_critical" time="0.110" /><testcase classname="tests.test_new_features.TestIntelligenceFeedAPI" name="test_intelligence_feed_filter_by_high" time="0.150" /><testcase classname="tests.test_new_features.TestIntelligenceFeedAPI" name="test_intelligence_feed_filter_by_medium" time="2.810" /><testcase classname="tests.test_new_features.TestIntelligenceFeedAPI" name="test_intelligence_feed_filter_by_low" time="16.942" /><testcase classname="tests.test_new_features.TestIntelligenceFeedAPI" name="test_intelligence_feed_no_filter_returns_all" time="36.735" /><testcase classname="tests.test_new_features.TestDailyBriefAPI" name="test_daily_brief_returns_200" time="0.192" /><testcase classname="tests.test_new_features.TestDailyBriefAPI" name="test_daily_brief_has_required_fields" time="0.133" /><testcase classname="tests.test_new_features.TestDailyBriefAPI" name="test_daily_brief_key_developments_are_serializable" time="0.126" /><testcase classname="tests.test_new_features.TestDailyBriefAPI" name="test_daily_brief_state_highlights_are_strings" time="0.121" /><testcase classname="tests.test_new_features.TestDailyBriefAPI" name="test_daily_brief_analyst_summary_is_string" time="0.122" /><testcase classname="tests.test_new_features.TestDailyBriefAPI" name="test_daily_brief_cross_border_insights_is_string" time="0.132" /><testcase classname="tests.test_new_features.TestHealthAndBasicAPIs" name="test_root_api_returns_200" time="0.099" /><testcase classname="tests.test_new_features.TestHealthAndBasicAPIs" name="test_alerts_api_returns_200" time="0.114" /><testcase classname="tests.test_new_features.TestHealthAndBasicAPIs" name="test_sources_api_returns_200" time="0.107" /></testsuite></testsuites>