<?xml version="1.0" encoding="utf-8"?><testsuites name="pytest tests"><testsuite name="pytest" errors="0" failures="0" skipped="0" tests="12" time="3.623" timestamp="2026-04-13T17:05:16.476347+00:00" hostname="agent-env-4830759e-669c-4d29-8775-5afc250f7121"><testcase classname="backend.tests.test_bias_settings_v31.TestAuth" name="test_login_success" time="0.403" /><testcase classname="backend.tests.test_bias_settings_v31.TestBiasSettingsAPI" name="test_get_bias_settings_returns_defaults" time="0.482" /><testcase classname="backend.tests.test_bias_settings_v31.TestBiasSettingsAPI" name="test_put_bias_settings_update_to_all_time_high" time="0.255" /><testcase classname="backend.tests.test_bias_settings_v31.TestBiasSettingsAPI" name="test_put_bias_settings_invalid_window_returns_400" time="0.115" /><testcase classname="backend.tests.test_bias_settings_v31.TestBiasSettingsAPI" name="test_put_bias_settings_invalid_influence_returns_400" time="0.153" /><testcase classname="backend.tests.test_bias_settings_v31.TestBiasSettingsAPI" name="test_put_bias_settings_partial_update_window_only" time="0.119" /><testcase classname="backend.tests.test_bias_settings_v31.TestBiasSettingsAPI" name="test_put_bias_settings_partial_update_influence_only" time="0.099" /><testcase classname="backend.tests.test_bias_settings_v31.TestBiasProfileReflectsSettings" name="test_bias_profile_shows_window_mode" time="0.585" /><testcase classname="backend.tests.test_bias_settings_v31.TestBiasProfileReflectsSettings" name="test_bias_profile_shows_influence" time="0.280" /><testcase classname="backend.tests.test_bias_settings_v31.TestBiasProfileReflectsSettings" name="test_bias_profile_window_label_all_time" time="0.294" /><testcase classname="backend.tests.test_bias_settings_v31.TestBiasProfileReflectsSettings" name="test_bias_profile_window_label_rolling_30" time="0.229" /><testcase classname="backend.tests.test_bias_settings_v31.TestResetToDefaults" name="test_reset_bias_settings_to_defaults" time="0.544" /></testsuite></testsuites>